<?xml version="1.0" encoding="UTF-8"?>
<!-- Generated by org.testng.reporters.JUnitXMLReporter -->
<testsuite hostname="LAPTOP-KG7ON4QK" ignored="0" name="Default test" tests="2" failures="0" timestamp="2022-09-10T12:49:49 IST" time="61.993" errors="0">
  <testcase name="runScenario" time="30.724" classname="io.cucumber.testng.AbstractTestNGCucumberTests"/>
  <testcase name="runScenario" time="30.564" classname="io.cucumber.testng.AbstractTestNGCucumberTests"/>
</testsuite> <!-- Default test -->
